This file contains any messages produced by compilers while
running configure, to aid debugging if configure makes a mistake.

It was created by FreeType configure 2.3.12, which was
generated by GNU Autoconf 2.63.  Invocation command line was

  $ ./configure 

## --------- ##
## Platform. ##
## --------- ##

hostname = hyperion.local
uname -m = i386
uname -r = 9.8.0
uname -s = Darwin
uname -v = Darwin Kernel Version 9.8.0: Wed Jul 15 16:55:01 PDT 2009; root:xnu-1228.15.4~1/RELEASE_I386

/usr/bin/uname -p = i386
/bin/uname -X     = unknown

/bin/arch              = unknown
/usr/bin/arch -k       = unknown
/usr/convex/getsysinfo = unknown
/usr/bin/hostinfo      = Mach kernel version:
	 Darwin Kernel Version 9.8.0: Wed Jul 15 16:55:01 PDT 2009; root:xnu-1228.15.4~1/RELEASE_I386
Kernel configured for up to 2 processors.
2 processors are physically available.
2 processors are logically available.
Processor type: i486 (Intel 80486)
Processors active: 0 1
Primary memory available: 4.00 gigabytes
Default processor set: 85 tasks, 332 threads, 2 processors
Load average: 0.24, Mach factor: 1.75
/bin/machine           = unknown
/usr/bin/oslevel       = unknown
/bin/universe          = unknown

PATH: ~/bin
PATH: /Library/Frameworks/Python.framework/Versions/Current/bin
PATH: /opt/local/bin
PATH: /bin
PATH: /sbin
PATH: /usr/bin
PATH: /usr/sbin
PATH: /usr/local/bin
PATH: /usr/local/bin
PATH: /usr/local/teTeX/bin/i386-apple-darwin-current


## ----------- ##
## Core tests. ##
## ----------- ##

configure:2072: checking build system type
configure:2090: result: i386-apple-darwin9.8.0
configure:2112: checking host system type
configure:2127: result: i386-apple-darwin9.8.0
configure:2201: checking for gcc
configure:2217: found /usr/bin/gcc
configure:2228: result: gcc
configure:2460: checking for C compiler version
configure:2468: gcc --version >&5
i686-apple-darwin9-gcc-4.0.1 (GCC) 4.0.1 (Apple Inc. build 5490)
Copyright (C) 2005 Free Software Foundation, Inc.
This is free software; see the source for copying conditions.  There is NO
warranty; not even for MERCHANTABILITY or FITNESS FOR A PARTICULAR PURPOSE.

configure:2472: $? = 0
configure:2479: gcc -v >&5
Using built-in specs.
Target: i686-apple-darwin9
Configured with: /var/tmp/gcc/gcc-5490~1/src/configure --disable-checking -enable-werror --prefix=/usr --mandir=/share/man --enable-languages=c,objc,c++,obj-c++ --program-transform-name=/^[cg][^.-]*$/s/$/-4.0/ --with-gxx-include-dir=/include/c++/4.0.0 --with-slibdir=/usr/lib --build=i686-apple-darwin9 --with-arch=apple --with-tune=generic --host=i686-apple-darwin9 --target=i686-apple-darwin9
Thread model: posix
gcc version 4.0.1 (Apple Inc. build 5490)
configure:2483: $? = 0
configure:2490: gcc -V >&5
gcc-4.0: argument to `-V' is missing
configure:2494: $? = 1
configure:2517: checking for C compiler default output file name
configure:2539: gcc    conftest.c  >&5
configure:2543: $? = 0
configure:2581: result: a.out
configure:2600: checking whether the C compiler works
configure:2610: ./a.out
configure:2614: $? = 0
configure:2633: result: yes
configure:2640: checking whether we are cross compiling
configure:2642: result: no
configure:2645: checking for suffix of executables
configure:2652: gcc -o conftest    conftest.c  >&5
configure:2656: $? = 0
configure:2682: result: 
configure:2688: checking for suffix of object files
configure:2714: gcc -c   conftest.c >&5
configure:2718: $? = 0
configure:2743: result: o
configure:2747: checking whether we are using the GNU C compiler
configure:2776: gcc -c   conftest.c >&5
configure:2783: $? = 0
configure:2800: result: yes
configure:2809: checking whether gcc accepts -g
configure:2839: gcc -c -g  conftest.c >&5
configure:2846: $? = 0
configure:2947: result: yes
configure:2964: checking for gcc option to accept ISO C89
configure:3038: gcc  -c -g -O2  conftest.c >&5
configure:3045: $? = 0
configure:3068: result: none needed
configure:3091: checking how to run the C preprocessor
configure:3131: gcc -E  conftest.c
configure:3138: $? = 0
configure:3169: gcc -E  conftest.c
conftest.c:8:28: error: ac_nonexistent.h: No such file or directory
configure:3176: $? = 1
configure: failed program was:
| /* confdefs.h.  */
| #define PACKAGE_NAME "FreeType"
| #define PACKAGE_TARNAME "freetype"
| #define PACKAGE_VERSION "2.3.12"
| #define PACKAGE_STRING "FreeType 2.3.12"
| #define PACKAGE_BUGREPORT "freetype@nongnu.org"
| /* end confdefs.h.  */
| #include <ac_nonexistent.h>
configure:3209: result: gcc -E
configure:3238: gcc -E  conftest.c
configure:3245: $? = 0
configure:3276: gcc -E  conftest.c
conftest.c:8:28: error: ac_nonexistent.h: No such file or directory
configure:3283: $? = 1
configure: failed program was:
| /* confdefs.h.  */
| #define PACKAGE_NAME "FreeType"
| #define PACKAGE_TARNAME "freetype"
| #define PACKAGE_VERSION "2.3.12"
| #define PACKAGE_STRING "FreeType 2.3.12"
| #define PACKAGE_BUGREPORT "freetype@nongnu.org"
| /* end confdefs.h.  */
| #include <ac_nonexistent.h>
configure:3514: checking for rm
configure:3530: found /bin/rm
configure:3541: result: rm -f
configure:3551: checking for rmdir
configure:3567: found /bin/rmdir
configure:3578: result: rmdir
configure:3606: checking for a BSD-compatible install
configure:3674: result: /usr/bin/install -c
configure:3697: checking for grep that handles long lines and -e
configure:3757: result: /usr/bin/grep
configure:3762: checking for egrep
configure:3826: result: /usr/bin/grep -E
configure:3831: checking for ANSI C header files
configure:3861: gcc -c -g -O2  conftest.c >&5
configure:3868: $? = 0
configure:3967: gcc -o conftest -g -O2   conftest.c  >&5
configure:3971: $? = 0
configure:3977: ./conftest
configure:3981: $? = 0
configure:3999: result: yes
configure:4023: checking for sys/types.h
configure:4044: gcc -c -g -O2  conftest.c >&5
configure:4051: $? = 0
configure:4068: result: yes
configure:4023: checking for sys/stat.h
configure:4044: gcc -c -g -O2  conftest.c >&5
configure:4051: $? = 0
configure:4068: result: yes
configure:4023: checking for stdlib.h
configure:4044: gcc -c -g -O2  conftest.c >&5
configure:4051: $? = 0
configure:4068: result: yes
configure:4023: checking for string.h
configure:4044: gcc -c -g -O2  conftest.c >&5
configure:4051: $? = 0
configure:4068: result: yes
configure:4023: checking for memory.h
configure:4044: gcc -c -g -O2  conftest.c >&5
configure:4051: $? = 0
configure:4068: result: yes
configure:4023: checking for strings.h
configure:4044: gcc -c -g -O2  conftest.c >&5
configure:4051: $? = 0
configure:4068: result: yes
configure:4023: checking for inttypes.h
configure:4044: gcc -c -g -O2  conftest.c >&5
configure:4051: $? = 0
configure:4068: result: yes
configure:4023: checking for stdint.h
configure:4044: gcc -c -g -O2  conftest.c >&5
configure:4051: $? = 0
configure:4068: result: yes
configure:4023: checking for unistd.h
configure:4044: gcc -c -g -O2  conftest.c >&5
configure:4051: $? = 0
configure:4068: result: yes
configure:4099: checking fcntl.h usability
configure:4116: gcc -c -g -O2  conftest.c >&5
configure:4123: $? = 0
configure:4137: result: yes
configure:4141: checking fcntl.h presence
configure:4156: gcc -E  conftest.c
configure:4163: $? = 0
configure:4177: result: yes
configure:4210: checking for fcntl.h
configure:4219: result: yes
configure:4088: checking for unistd.h
configure:4095: result: yes
configure:4238: checking for an ANSI C-conforming const
configure:4313: gcc -c -g -O2  conftest.c >&5
configure:4320: $? = 0
configure:4335: result: yes
configure:4349: checking size of int
configure:4654: gcc -o conftest -g -O2   conftest.c  >&5
configure:4658: $? = 0
configure:4664: ./conftest
configure:4668: $? = 0
configure:4694: result: 4
configure:4708: checking size of long
configure:5013: gcc -o conftest -g -O2   conftest.c  >&5
configure:5017: $? = 0
configure:5023: ./conftest
configure:5027: $? = 0
configure:5053: result: 4
configure:5067: checking cpp computation of bit length in ftconfig.in works
configure:5118: result: yes
configure:5149: checking for stdlib.h
configure:5156: result: yes
configure:5149: checking for unistd.h
configure:5156: result: yes
configure:5299: checking for getpagesize
configure:5355: gcc -o conftest -g -O2   conftest.c  >&5
configure:5362: $? = 0
configure:5384: result: yes
configure:5396: checking for working mmap
configure:5543: gcc -o conftest -g -O2   conftest.c  >&5
configure:5547: $? = 0
configure:5553: ./conftest
configure:5557: $? = 0
configure:5574: result: yes
configure:5590: checking whether munmap is declared
configure:5627: gcc -c -g -O2  conftest.c >&5
configure:5634: $? = 0
configure:5649: result: yes
configure:5668: checking for munmap's first parameter type
configure:5692: gcc -c -g -O2  conftest.c >&5
configure:5699: $? = 0
configure:5704: result: void *
configure:5729: checking for memcpy
configure:5785: gcc -o conftest -g -O2   conftest.c  >&5
conftest.c:51: warning: conflicting types for built-in function 'memcpy'
configure:5792: $? = 0
configure:5814: result: yes
configure:5729: checking for memmove
configure:5785: gcc -o conftest -g -O2   conftest.c  >&5
conftest.c:52: warning: conflicting types for built-in function 'memmove'
configure:5792: $? = 0
configure:5814: result: yes
configure:5838: checking for gzsetparams in -lz
configure:5873: gcc -o conftest -g -O2   conftest.c -lz   >&5
configure:5880: $? = 0
configure:5901: result: yes
configure:5914: checking zlib.h usability
configure:5931: gcc -c -g -O2  conftest.c >&5
configure:5938: $? = 0
configure:5952: result: yes
configure:5956: checking zlib.h presence
configure:5971: gcc -E  conftest.c
configure:5978: $? = 0
configure:5992: result: yes
configure:6025: checking for zlib.h
configure:6032: result: yes
configure:6887: checking for a sed that does not truncate output
configure:6953: result: /usr/bin/sed
configure:6971: checking for fgrep
configure:7035: result: /usr/bin/grep -F
configure:7070: checking for ld used by gcc
configure:7137: result: /usr/libexec/gcc/i686-apple-darwin9/4.0.1/ld
configure:7146: checking if the linker (/usr/libexec/gcc/i686-apple-darwin9/4.0.1/ld) is GNU ld
configure:7161: result: no
configure:7173: checking for BSD- or MS-compatible name lister (nm)
configure:7222: result: /usr/bin/nm -p
configure:7340: checking the name lister (/usr/bin/nm -p) interface
configure:7347: gcc -c -g -O2 -DFT_CONFIG_OPTION_SYSTEM_ZLIB -DDARWIN_NO_CARBON  conftest.c >&5
configure:7350: /usr/bin/nm -p "conftest.o"
configure:7353: output
00000190 D _some_variable
configure:7360: result: BSD nm
configure:7363: checking whether ln -s works
configure:7367: result: yes
configure:7375: checking the maximum length of command line arguments
configure:7495: result: 196608
configure:7512: checking whether the shell understands some XSI constructs
configure:7522: result: yes
configure:7526: checking whether the shell understands "+="
configure:7532: result: yes
configure:7567: checking for /usr/libexec/gcc/i686-apple-darwin9/4.0.1/ld option to reload object files
configure:7574: result: -r
configure:7643: checking for objdump
configure:7673: result: no
configure:7699: checking how to recognize dependent libraries
configure:7895: result: pass_all
configure:7955: checking for ar
configure:7971: found /usr/bin/ar
configure:7982: result: ar
configure:8060: checking for strip
configure:8076: found /usr/bin/strip
configure:8087: result: strip
configure:8159: checking for ranlib
configure:8175: found /usr/bin/ranlib
configure:8186: result: ranlib
configure:8276: checking command to parse /usr/bin/nm -p output from gcc object
configure:8394: gcc -c -g -O2 -DFT_CONFIG_OPTION_SYSTEM_ZLIB -DDARWIN_NO_CARBON  conftest.c >&5
configure:8397: $? = 0
configure:8401: /usr/bin/nm -p conftest.o \| sed -n -e 's/^.*[	 ]\([BCDEGRST][BCDEGRST]*\)[	 ][	 ]*\([_A-Za-z][_A-Za-z0-9]*\)$/\1 \2 \2/p' \> conftest.nm
configure:8404: $? = 0
cannot find nm_test_var in conftest.nm
configure:8394: gcc -c -g -O2 -DFT_CONFIG_OPTION_SYSTEM_ZLIB -DDARWIN_NO_CARBON  conftest.c >&5
configure:8397: $? = 0
configure:8401: /usr/bin/nm -p conftest.o \| sed -n -e 's/^.*[	 ]\([BCDEGRST][BCDEGRST]*\)[	 ][	 ]*_\([_A-Za-z][_A-Za-z0-9]*\)$/\1 _\2 \2/p' \> conftest.nm
configure:8404: $? = 0
configure:8458: gcc -o conftest -g -O2 -DFT_CONFIG_OPTION_SYSTEM_ZLIB -DDARWIN_NO_CARBON   -lz conftest.c conftstm.o >&5
configure:8461: $? = 0
configure:8499: result: ok
configure:8792: checking for dsymutil
configure:8808: found /usr/bin/dsymutil
configure:8819: result: dsymutil
configure:8884: checking for nmedit
configure:8900: found /usr/bin/nmedit
configure:8911: result: nmedit
configure:8976: checking for lipo
configure:8992: found /usr/bin/lipo
configure:9003: result: lipo
configure:9068: checking for otool
configure:9084: found /usr/bin/otool
configure:9095: result: otool
configure:9160: checking for otool64
configure:9190: result: no
configure:9235: checking for -single_module linker flag
gcc -g -O2 -DFT_CONFIG_OPTION_SYSTEM_ZLIB -DDARWIN_NO_CARBON  -lz -o libconftest.dylib -dynamiclib -Wl,-single_module conftest.c
configure:9262: result: yes
configure:9264: checking for -exported_symbols_list linker flag
configure:9294: gcc -o conftest -g -O2 -DFT_CONFIG_OPTION_SYSTEM_ZLIB -DDARWIN_NO_CARBON   -lz -Wl,-exported_symbols_list,conftest.sym conftest.c  >&5
configure:9301: $? = 0
configure:9323: result: yes
configure:9364: checking for dlfcn.h
configure:9385: gcc -c -g -O2 -DFT_CONFIG_OPTION_SYSTEM_ZLIB -DDARWIN_NO_CARBON  conftest.c >&5
configure:9392: $? = 0
configure:9409: result: yes
configure:9893: checking for objdir
configure:9908: result: .libs
configure:10200: checking if gcc supports -fno-rtti -fno-exceptions
configure:10218: gcc -c -g -O2 -DFT_CONFIG_OPTION_SYSTEM_ZLIB -DDARWIN_NO_CARBON  -fno-rtti -fno-exceptions conftest.c >&5
cc1: warning: command line option "-fno-rtti" is valid for C++/ObjC++ but not for C
configure:10222: $? = 0
configure:10235: result: no
configure:10255: checking for gcc option to produce PIC
configure:10527: result: -fno-common -DPIC
configure:10539: checking if gcc PIC flag -fno-common -DPIC works
configure:10557: gcc -c -g -O2 -DFT_CONFIG_OPTION_SYSTEM_ZLIB -DDARWIN_NO_CARBON  -fno-common -DPIC -DPIC conftest.c >&5
configure:10561: $? = 0
configure:10574: result: yes
configure:10598: checking if gcc static flag -static works
configure:10626: result: no
configure:10641: checking if gcc supports -c -o file.o
configure:10662: gcc -c -g -O2 -DFT_CONFIG_OPTION_SYSTEM_ZLIB -DDARWIN_NO_CARBON  -o out/conftest2.o conftest.c >&5
configure:10666: $? = 0
configure:10688: result: yes
configure:10696: checking if gcc supports -c -o file.o
configure:10743: result: yes
configure:10776: checking whether the gcc linker (/usr/libexec/gcc/i686-apple-darwin9/4.0.1/ld) supports shared libraries
configure:11850: result: yes
configure:12089: checking dynamic linker characteristics
configure:12772: result: darwin9.8.0 dyld
configure:12874: checking how to hardcode library paths into programs
configure:12899: result: immediate
configure:13732: checking whether stripping libraries is possible
configure:13746: result: yes
configure:13772: checking if libtool supports shared libraries
configure:13774: result: yes
configure:13777: checking whether to build shared libraries
configure:13798: result: yes
configure:13801: checking whether to build static libraries
configure:13805: result: yes
configure:13966: creating ./config.status

## ---------------------- ##
## Running config.status. ##
## ---------------------- ##

This file was extended by FreeType config.status 2.3.12, which was
generated by GNU Autoconf 2.63.  Invocation command line was

  CONFIG_FILES    = 
  CONFIG_HEADERS  = 
  CONFIG_LINKS    = 
  CONFIG_COMMANDS = 
  $ ./config.status 

on hyperion.local

config.status:979: creating unix-cc.mk
config.status:979: creating unix-def.mk
config.status:979: creating freetype-config
config.status:979: creating freetype2.pc
config.status:979: creating ftconfig.h
config.status:1213: executing libtool commands

## ---------------- ##
## Cache variables. ##
## ---------------- ##

ac_cv_build=i386-apple-darwin9.8.0
ac_cv_c_compiler_gnu=yes
ac_cv_c_const=yes
ac_cv_env_CC_set=
ac_cv_env_CC_value=
ac_cv_env_CFLAGS_set=
ac_cv_env_CFLAGS_value=
ac_cv_env_CPPFLAGS_set=
ac_cv_env_CPPFLAGS_value=
ac_cv_env_CPP_set=
ac_cv_env_CPP_value=
ac_cv_env_LDFLAGS_set=
ac_cv_env_LDFLAGS_value=
ac_cv_env_LIBS_set=
ac_cv_env_LIBS_value=
ac_cv_env_build_alias_set=
ac_cv_env_build_alias_value=
ac_cv_env_host_alias_set=
ac_cv_env_host_alias_value=
ac_cv_env_target_alias_set=
ac_cv_env_target_alias_value=
ac_cv_func_getpagesize=yes
ac_cv_func_memcpy=yes
ac_cv_func_memmove=yes
ac_cv_func_mmap_fixed_mapped=yes
ac_cv_have_decl_munmap=yes
ac_cv_header_dlfcn_h=yes
ac_cv_header_fcntl_h=yes
ac_cv_header_inttypes_h=yes
ac_cv_header_memory_h=yes
ac_cv_header_stdc=yes
ac_cv_header_stdint_h=yes
ac_cv_header_stdlib_h=yes
ac_cv_header_string_h=yes
ac_cv_header_strings_h=yes
ac_cv_header_sys_stat_h=yes
ac_cv_header_sys_types_h=yes
ac_cv_header_unistd_h=yes
ac_cv_header_zlib_h=yes
ac_cv_host=i386-apple-darwin9.8.0
ac_cv_lib_z_gzsetparams=yes
ac_cv_objext=o
ac_cv_path_EGREP='/usr/bin/grep -E'
ac_cv_path_FGREP='/usr/bin/grep -F'
ac_cv_path_GREP=/usr/bin/grep
ac_cv_path_SED=/usr/bin/sed
ac_cv_path_install='/usr/bin/install -c'
ac_cv_prog_CPP='gcc -E'
ac_cv_prog_RMDIR=rmdir
ac_cv_prog_RMF='rm -f'
ac_cv_prog_ac_ct_AR=ar
ac_cv_prog_ac_ct_CC=gcc
ac_cv_prog_ac_ct_DSYMUTIL=dsymutil
ac_cv_prog_ac_ct_LIPO=lipo
ac_cv_prog_ac_ct_NMEDIT=nmedit
ac_cv_prog_ac_ct_OTOOL=otool
ac_cv_prog_ac_ct_RANLIB=ranlib
ac_cv_prog_ac_ct_STRIP=strip
ac_cv_prog_cc_c89=
ac_cv_prog_cc_g=yes
ac_cv_sizeof_int=4
ac_cv_sizeof_long=4
lt_cv_apple_cc_single_mod=yes
lt_cv_deplibs_check_method=pass_all
lt_cv_file_magic_cmd='$MAGIC_CMD'
lt_cv_file_magic_test_file=
lt_cv_ld_exported_symbols_list=yes
lt_cv_ld_reload_flag=-r
lt_cv_nm_interface='BSD nm'
lt_cv_objdir=.libs
lt_cv_path_LD=/usr/libexec/gcc/i686-apple-darwin9/4.0.1/ld
lt_cv_path_NM='/usr/bin/nm -p'
lt_cv_prog_compiler_c_o=yes
lt_cv_prog_compiler_pic_works=yes
lt_cv_prog_compiler_rtti_exceptions=no
lt_cv_prog_compiler_static_works=no
lt_cv_prog_gnu_ld=no
lt_cv_sys_global_symbol_pipe='sed -n -e '\''s/^.*[	 ]\([BCDEGRST][BCDEGRST]*\)[	 ][	 ]*_\([_A-Za-z][_A-Za-z0-9]*\)$/\1 _\2 \2/p'\'''
lt_cv_sys_global_symbol_to_c_name_address='sed -n -e '\''s/^: \([^ ]*\) $/  {\"\1\", (void *) 0},/p'\'' -e '\''s/^[BCDEGRST]* \([^ ]*\) \([^ ]*\)$/  {"\2", (void *) \&\2},/p'\'''
lt_cv_sys_global_symbol_to_c_name_address_lib_prefix='sed -n -e '\''s/^: \([^ ]*\) $/  {\"\1\", (void *) 0},/p'\'' -e '\''s/^[BCDEGRST]* \([^ ]*\) \(lib[^ ]*\)$/  {"\2", (void *) \&\2},/p'\'' -e '\''s/^[BCDEGRST]* \([^ ]*\) \([^ ]*\)$/  {"lib\2", (void *) \&\2},/p'\'''
lt_cv_sys_global_symbol_to_cdecl='sed -n -e '\''s/^T .* \(.*\)$/extern int \1();/p'\'' -e '\''s/^[BCDEGRST]* .* \(.*\)$/extern char \1;/p'\'''
lt_cv_sys_max_cmd_len=196608

## ----------------- ##
## Output variables. ##
## ----------------- ##

AR='ar'
AS='as'
CC='gcc'
CC_BUILD='gcc'
CFLAGS='-g -O2 -DFT_CONFIG_OPTION_SYSTEM_ZLIB -DDARWIN_NO_CARBON'
CPP='gcc -E'
CPPFLAGS=''
DEFS='-DHAVE_CONFIG_H'
DLLTOOL='dlltool'
DSYMUTIL='dsymutil'
DUMPBIN=''
ECHO_C=''
ECHO_N='-n'
ECHO_T=''
EGREP='/usr/bin/grep -E'
EXEEXT=''
EXEEXT_BUILD=''
FGREP='/usr/bin/grep -F'
FT2_EXTRA_LIBS=''
FTSYS_SRC='$(BUILD_DIR)/ftsystem.c'
GREP='/usr/bin/grep'
INSTALL_DATA='${INSTALL} -m 644'
INSTALL_PROGRAM='${INSTALL}'
INSTALL_SCRIPT='${INSTALL}'
LD='/usr/libexec/gcc/i686-apple-darwin9/4.0.1/ld'
LDFLAGS=' -lz'
LIBOBJS=''
LIBS=''
LIBTOOL='$(SHELL) $(top_builddir)/libtool'
LIBZ='-lz'
LIPO='lipo'
LN_S='ln -s'
LTLIBOBJS=''
NM='/usr/bin/nm -p'
NMEDIT='nmedit'
OBJDUMP='false'
OBJEXT='o'
OTOOL64=':'
OTOOL='otool'
PACKAGE_BUGREPORT='freetype@nongnu.org'
PACKAGE_NAME='FreeType'
PACKAGE_STRING='FreeType 2.3.12'
PACKAGE_TARNAME='freetype'
PACKAGE_VERSION='2.3.12'
PATH_SEPARATOR=':'
RANLIB='ranlib'
RMDIR='rmdir'
RMF='rm -f'
SED='/usr/bin/sed'
SHELL='/bin/sh'
STRIP='strip'
SYSTEM_ZLIB='yes'
XX_ANSIFLAGS='-pedantic -ansi'
XX_CFLAGS='-Wall'
ac_ct_CC='gcc'
ac_ct_DUMPBIN=''
bindir='${exec_prefix}/bin'
build='i386-apple-darwin9.8.0'
build_alias=''
build_cpu='i386'
build_libtool_libs=''
build_os='darwin9.8.0'
build_vendor='apple'
datadir='${datarootdir}'
datarootdir='${prefix}/share'
docdir='${datarootdir}/doc/${PACKAGE_TARNAME}'
dvidir='${docdir}'
exec_prefix='${prefix}'
ft_version='10.0.4'
ftmac_c=''
hardcode_libdir_flag_spec=''
host='i386-apple-darwin9.8.0'
host_alias=''
host_cpu='i386'
host_os='darwin9.8.0'
host_vendor='apple'
htmldir='${docdir}'
includedir='${prefix}/include'
infodir='${datarootdir}/info'
libdir='${exec_prefix}/lib'
libexecdir='${exec_prefix}/libexec'
localedir='${datarootdir}/locale'
localstatedir='${prefix}/var'
lt_ECHO='echo'
mandir='${datarootdir}/man'
oldincludedir='/usr/include'
pdfdir='${docdir}'
prefix='/usr/local'
program_transform_name='s,x,x,'
psdir='${docdir}'
sbindir='${exec_prefix}/sbin'
sharedstatedir='${prefix}/com'
sysconfdir='${prefix}/etc'
target_alias=''
version_info='10:0:4'
wl='-Wl,'

## ----------- ##
## confdefs.h. ##
## ----------- ##

#define PACKAGE_NAME "FreeType"
#define PACKAGE_TARNAME "freetype"
#define PACKAGE_VERSION "2.3.12"
#define PACKAGE_STRING "FreeType 2.3.12"
#define PACKAGE_BUGREPORT "freetype@nongnu.org"
#define STDC_HEADERS 1
#define HAVE_SYS_TYPES_H 1
#define HAVE_SYS_STAT_H 1
#define HAVE_STDLIB_H 1
#define HAVE_STRING_H 1
#define HAVE_MEMORY_H 1
#define HAVE_STRINGS_H 1
#define HAVE_INTTYPES_H 1
#define HAVE_STDINT_H 1
#define HAVE_UNISTD_H 1
#define HAVE_FCNTL_H 1
#define HAVE_UNISTD_H 1
#define SIZEOF_INT 4
#define SIZEOF_LONG 4
#define HAVE_STDLIB_H 1
#define HAVE_UNISTD_H 1
#define HAVE_GETPAGESIZE 1
#define HAVE_MMAP 1
#define HAVE_DECL_MUNMAP 1
#define MUNMAP_USES_VOIDP /**/
#define HAVE_MEMCPY 1
#define HAVE_MEMMOVE 1
#define HAVE_DLFCN_H 1
#define LT_OBJDIR ".libs/"

configure: exit 0
